# JRE version: Java(TM) SE Runtime Environment (8.0_212-b10) (build 1.8.0_212-b10)
# Java VM: Java HotSpot(TM) 64-Bit Server VM (25.212-b10 mixed mode windows-amd64 compressed oops)
Heap:
 PSYoungGen      total 1305600K, used 440000K [0x000000066b180000, 0x00000006fab80000, 0x00000007c0000000)
  eden space 715264K, 0% used [0x000000066b180000,0x000000066b180000,0x0000000696c00000)
  from space 590336K, 74% used [0x0000000696c00000,0x00000006b19b0000,0x00000006bac80000)
  to   space 631808K, 0% used [0x00000006d4280000,0x00000006d4280000,0x00000006fab80000)
 ParOldGen       total 1820672K, used 1658860K [0x00000003c1400000, 0x0000000430600000, 0x000000066b180000)
  object space 1820672K, 91% used [0x00000003c1400000,0x00000004267fb138,0x0000000430600000)
 Metaspace       used 50865K, capacity 52411K, committed 52736K, reserved 1093632K
  class space    used 7259K, capacity 7560K, committed 7680K, reserved 1048576K
GC Heap History (10 events):
Event: 20.877 GC heap after
Heap after GC invocations=12 (full 2):
 PSYoungGen      total 1013760K, used 420227K [0x000000066b180000, 0x00000006d3100000, 0x00000007c0000000)
  eden space 481280K, 0% used [0x000000066b180000,0x000000066b180000,0x0000000688780000)
  from space 532480K, 78% used [0x00000006ac200000,0x00000006c5c60fc8,0x00000006cca00000)
  to   space 584192K, 0% used [0x0000000688780000,0x0000000688780000,0x00000006ac200000)
 ParOldGen       total 802816K, used 655878K [0x00000003c1400000, 0x00000003f2400000, 0x000000066b180000)
  object space 802816K, 81% used [0x00000003c1400000,0x00000003e9481858,0x00000003f2400000)
 Metaspace       used 50855K, capacity 52411K, committed 52736K, reserved 1093632K
  class space    used 7258K, capacity 7560K, committed 7680K, reserved 1048576K
}
Event: 20.877 GC heap before
{Heap before GC invocations=13 (full 3):
 PSYoungGen      total 1013760K, used 420227K [0x000000066b180000, 0x00000006d3100000, 0x00000007c0000000)
  eden space 481280K, 0% used [0x000000066b180000,0x000000066b180000,0x0000000688780000)
  from space 532480K, 78% used [0x00000006ac200000,0x00000006c5c60fc8,0x00000006cca00000)
  to   space 584192K, 0% used [0x0000000688780000,0x0000000688780000,0x00000006ac200000)
 ParOldGen       total 802816K, used 655878K [0x00000003c1400000, 0x00000003f2400000, 0x000000066b180000)
  object space 802816K, 81% used [0x00000003c1400000,0x00000003e9481858,0x00000003f2400000)
 Metaspace       used 50855K, capacity 52411K, committed 52736K, reserved 1093632K
  class space    used 7258K, capacity 7560K, committed 7680K, reserved 1048576K
Event: 25.151 GC heap after
Heap after GC invocations=13 (full 3):
 PSYoungGen      total 1013760K, used 204832K [0x000000066b180000, 0x00000006d3100000, 0x00000007c0000000)
  eden space 481280K, 0% used [0x000000066b180000,0x000000066b180000,0x0000000688780000)
  from space 532480K, 38% used [0x00000006ac200000,0x00000006b8a08070,0x00000006cca00000)
  to   space 584192K, 0% used [0x0000000688780000,0x0000000688780000,0x00000006ac200000)
 ParOldGen       total 1820672K, used 802526K [0x00000003c1400000, 0x0000000430600000, 0x000000066b180000)
  object space 1820672K, 44% used [0x00000003c1400000,0x00000003f23b7a58,0x0000000430600000)
 Metaspace       used 50855K, capacity 52411K, committed 52736K, reserved 1093632K
  class space    used 7258K, capacity 7560K, committed 7680K, reserved 1048576K
}
Event: 25.205 GC heap before
{Heap before GC invocations=14 (full 3):
 PSYoungGen      total 1013760K, used 686112K [0x000000066b180000, 0x00000006d3100000, 0x00000007c0000000)
  eden space 481280K, 100% used [0x000000066b180000,0x0000000688780000,0x0000000688780000)
  from space 532480K, 38% used [0x00000006ac200000,0x00000006b8a08070,0x00000006cca00000)
  to   space 584192K, 0% used [0x0000000688780000,0x0000000688780000,0x00000006ac200000)
 ParOldGen       total 1820672K, used 802528K [0x00000003c1400000, 0x0000000430600000, 0x000000066b180000)
  object space 1820672K, 44% used [0x00000003c1400000,0x00000003f23b81a8,0x0000000430600000)
 Metaspace       used 50863K, capacity 52411K, committed 52736K, reserved 1093632K
  class space    used 7259K, capacity 7560K, committed 7680K, reserved 1048576K
Event: 26.694 GC heap after
Heap after GC invocations=14 (full 3):
 PSYoungGen      total 1065472K, used 301612K [0x000000066b180000, 0x00000006de380000, 0x00000007c0000000)
  eden space 481280K, 0% used [0x000000066b180000,0x000000066b180000,0x0000000688780000)
  from space 584192K, 51% used [0x0000000688780000,0x000000069ae0b240,0x00000006ac200000)
  to   space 580608K, 0% used [0x00000006bac80000,0x00000006bac80000,0x00000006de380000)
 ParOldGen       total 1820672K, used 1008176K [0x00000003c1400000, 0x0000000430600000, 0x000000066b180000)
  object space 1820672K, 55% used [0x00000003c1400000,0x00000003fec8c1a8,0x0000000430600000)
 Metaspace       used 50863K, capacity 52411K, committed 52736K, reserved 1093632K
  class space    used 7259K, capacity 7560K, committed 7680K, reserved 1048576K
}
Event: 26.747 GC heap before
{Heap before GC invocations=15 (full 3):
 PSYoungGen      total 1065472K, used 782892K [0x000000066b180000, 0x00000006de380000, 0x00000007c0000000)
  eden space 481280K, 100% used [0x000000066b180000,0x0000000688780000,0x0000000688780000)
  from space 584192K, 51% used [0x0000000688780000,0x000000069ae0b240,0x00000006ac200000)
  to   space 580608K, 0% used [0x00000006bac80000,0x00000006bac80000,0x00000006de380000)
 ParOldGen       total 1820672K, used 1008176K [0x00000003c1400000, 0x0000000430600000, 0x000000066b180000)
  object space 1820672K, 55% used [0x00000003c1400000,0x00000003fec8c1a8,0x0000000430600000)
 Metaspace       used 50865K, capacity 52411K, committed 52736K, reserved 1093632K
  class space    used 7259K, capacity 7560K, committed 7680K, reserved 1048576K
Event: 27.014 GC heap after
Heap after GC invocations=15 (full 3):
 PSYoungGen      total 1295872K, used 342549K [0x000000066b180000, 0x00000006dfb80000, 0x00000007c0000000)
  eden space 715264K, 0% used [0x000000066b180000,0x000000066b180000,0x0000000696c00000)
  from space 580608K, 58% used [0x00000006bac80000,0x00000006cfb057a0,0x00000006de380000)
  to   space 590336K, 0% used [0x0000000696c00000,0x0000000696c00000,0x00000006bac80000)
 ParOldGen       total 1820672K, used 1315814K [0x00000003c1400000, 0x0000000430600000, 0x000000066b180000)
  object space 1820672K, 72% used [0x00000003c1400000,0x00000004118f9998,0x0000000430600000)
 Metaspace       used 50865K, capacity 52411K, committed 52736K, reserved 1093632K
  class space    used 7259K, capacity 7560K, committed 7680K, reserved 1048576K
}
Event: 27.088 GC heap before
{Heap before GC invocations=16 (full 3):
 PSYoungGen      total 1295872K, used 1057813K [0x000000066b180000, 0x00000006dfb80000, 0x00000007c0000000)
  eden space 715264K, 100% used [0x000000066b180000,0x0000000696c00000,0x0000000696c00000)
  from space 580608K, 58% used [0x00000006bac80000,0x00000006cfb057a0,0x00000006de380000)
  to   space 590336K, 0% used [0x0000000696c00000,0x0000000696c00000,0x00000006bac80000)
 ParOldGen       total 1820672K, used 1315814K [0x00000003c1400000, 0x0000000430600000, 0x000000066b180000)
  object space 1820672K, 72% used [0x00000003c1400000,0x00000004118f9998,0x0000000430600000)
 Metaspace       used 50865K, capacity 52411K, committed 52736K, reserved 1093632K
  class space    used 7259K, capacity 7560K, committed 7680K, reserved 1048576K
Event: 27.399 GC heap after
Heap after GC invocations=16 (full 3):
 PSYoungGen      total 1305600K, used 440000K [0x000000066b180000, 0x00000006fab80000, 0x00000007c0000000)
  eden space 715264K, 0% used [0x000000066b180000,0x000000066b180000,0x0000000696c00000)
  from space 590336K, 74% used [0x0000000696c00000,0x00000006b19b0000,0x00000006bac80000)
  to   space 631808K, 0% used [0x00000006d4280000,0x00000006d4280000,0x00000006fab80000)
 ParOldGen       total 1820672K, used 1658860K [0x00000003c1400000, 0x0000000430600000, 0x000000066b180000)
  object space 1820672K, 91% used [0x00000003c1400000,0x00000004267fb138,0x0000000430600000)
 Metaspace       used 50865K, capacity 52411K, committed 52736K, reserved 1093632K
  class space    used 7259K, capacity 7560K, committed 7680K, reserved 1048576K
}
Event: 27.399 GC heap before
{Heap before GC invocations=17 (full 4):
 PSYoungGen      total 1305600K, used 440000K [0x000000066b180000, 0x00000006fab80000, 0x00000007c0000000)
  eden space 715264K, 0% used [0x000000066b180000,0x000000066b180000,0x0000000696c00000)
  from space 590336K, 74% used [0x0000000696c00000,0x00000006b19b0000,0x00000006bac80000)
  to   space 631808K, 0% used [0x00000006d4280000,0x00000006d4280000,0x00000006fab80000)
 ParOldGen       total 1820672K, used 1658860K [0x00000003c1400000, 0x0000000430600000, 0x000000066b180000)
  object space 1820672K, 91% used [0x00000003c1400000,0x00000004267fb138,0x0000000430600000)
 Metaspace       used 50865K, capacity 52411K, committed 52736K, reserved 1093632K
  class space    used 7259K, capacity 7560K, committed 7680K, reserved 1048576K

